<?xml version="1.0" encoding="UTF-8"?>
<!-- Generated by org.testng.reporters.JUnitXMLReporter -->
<testsuite ignored="0" hostname="DESKTOP-I830D73" failures="0" tests="1" name="Functional Test" time="0.158" errors="0" timestamp="2021-04-29T13:55:22 IST">
  <testcase classname="com.qa.testscript.TestBaseforAmazon" name="@BeforeClass SetUp" time="-1.619684721204E9">
    <failure type="org.testng.TestNGException" message="
Parameter &amp;apos;Browser&amp;apos; is required by BeforeClass on method SetUp but has not been marked @Optional or defined
in C:\Users\ADMIN\Documents\SeleniumAutomate\src\test\java\com\qa\utility\testng1.xml">
      <![CDATA[org.testng.TestNGException: 
Parameter 'Browser' is required by BeforeClass on method SetUp but has not been marked @Optional or defined
in C:\Users\ADMIN\Documents\SeleniumAutomate\src\test\java\com\qa\utility\testng1.xml
at java.base/java.util.concurrent.ThreadPoolExecutor.runWorker(ThreadPoolExecutor.java:1130)
at java.base/java.util.concurrent.ThreadPoolExecutor$Worker.run(ThreadPoolExecutor.java:630)
at java.base/java.lang.Thread.run(Thread.java:832)
... Removed 7 stack frames]]>
    </failure>
  </testcase> <!-- @BeforeClass SetUp -->
  <testcase classname="com.qa.testscript.TestBaseforAmazon" name="@AfterClass TearDown" time="-1.619684721297E9">
    <skipped/>
  </testcase> <!-- @AfterClass TearDown -->
  <testcase classname="com.qa.testscript.TC_AmazonCountryNames" name="Select" time="0.0">
    <skipped/>
  </testcase> <!-- Select -->
</testsuite> <!-- Functional Test -->
